{"__type":"$$EventMessageAudit","id":"ff1fa263-c1ff-488a-81f7-93bf92727a59","ts":"2025-12-28T15:05:35.670+07:00","eventName":"n8n.audit.user.login.success","message":"n8n.audit.user.login.success","payload":{"userId":"fb68a211-967a-497e-ba1b-07a5dbc5387c","_email":"muhammadthifaaldzaki@gmail.com","_firstName":"Muhammad Thifaal","_lastName":"Dzaki","globalRole":"global:owner","authenticationMethod":"email"}}
{"__type":"$$EventMessageConfirm","confirm":"ff1fa263-c1ff-488a-81f7-93bf92727a59","ts":"2025-12-28T15:05:35.733+07:00","source":{"id":"0","name":"eventBus"}}
{"__type":"$$EventMessageAudit","id":"d6b0f4a7-d575-4c75-ab3b-42b225e2e824","ts":"2025-12-28T15:16:36.097+07:00","eventName":"n8n.audit.user.credentials.created","message":"n8n.audit.user.credentials.created","payload":{"userId":"fb68a211-967a-497e-ba1b-07a5dbc5387c","_email":"muhammadthifaaldzaki@gmail.com","_firstName":"Muhammad Thifaal","_lastName":"Dzaki","globalRole":"global:owner","credentialType":"wahaApi","credentialId":"Strup7zOj3o15eif","publicApi":false,"projectId":"EzIDckYThw1LP8bb","projectType":"personal"}}
{"__type":"$$EventMessageConfirm","confirm":"d6b0f4a7-d575-4c75-ab3b-42b225e2e824","ts":"2025-12-28T15:16:36.098+07:00","source":{"id":"0","name":"eventBus"}}
{"__type":"$$EventMessageWorkflow","id":"48675b4d-10b4-4f6c-813f-2240d2223a2f","ts":"2025-12-28T03:43:08.573-05:00","eventName":"n8n.workflow.started","message":"n8n.workflow.started","payload":{"executionId":"1","workflowId":"fsmXBX9iVHZrjsDz","isManual":false,"workflowName":"Ijazah"}}
{"__type":"$$EventMessageConfirm","confirm":"48675b4d-10b4-4f6c-813f-2240d2223a2f","ts":"2025-12-28T03:43:08.573-05:00","source":{"id":"0","name":"eventBus"}}
{"__type":"$$EventMessageNode","id":"fbbe578f-db70-4dbd-9aab-f52cdf7f716a","ts":"2025-12-28T03:43:08.575-05:00","eventName":"n8n.node.started","message":"n8n.node.started","payload":{"workflowId":"fsmXBX9iVHZrjsDz","workflowName":"Ijazah","executionId":"1","nodeType":"n8n-nodes-base.webhook","nodeName":"Webhook","nodeId":"37b308d1-d726-41fb-8782-536cdd9eba15"}}
{"__type":"$$EventMessageConfirm","confirm":"fbbe578f-db70-4dbd-9aab-f52cdf7f716a","ts":"2025-12-28T03:43:08.575-05:00","source":{"id":"0","name":"eventBus"}}
{"__type":"$$EventMessageNode","id":"e33518e4-3e3b-4ae1-a58b-69bd0e5d896e","ts":"2025-12-28T03:43:08.578-05:00","eventName":"n8n.node.finished","message":"n8n.node.finished","payload":{"workflowId":"fsmXBX9iVHZrjsDz","workflowName":"Ijazah","executionId":"1","nodeType":"n8n-nodes-base.webhook","nodeName":"Webhook","nodeId":"37b308d1-d726-41fb-8782-536cdd9eba15"}}
{"__type":"$$EventMessageConfirm","confirm":"e33518e4-3e3b-4ae1-a58b-69bd0e5d896e","ts":"2025-12-28T03:43:08.578-05:00","source":{"id":"0","name":"eventBus"}}
{"__type":"$$EventMessageNode","id":"30269827-2c1e-4e62-8607-4889e7549948","ts":"2025-12-28T03:43:08.581-05:00","eventName":"n8n.node.started","message":"n8n.node.started","payload":{"workflowId":"fsmXBX9iVHZrjsDz","workflowName":"Ijazah","executionId":"1","nodeType":"n8n-nodes-base.httpRequest","nodeName":"GetDocumentData","nodeId":"a9a67698-cf87-4761-ba6d-c1331d8dc7ca"}}
{"__type":"$$EventMessageConfirm","confirm":"30269827-2c1e-4e62-8607-4889e7549948","ts":"2025-12-28T03:43:08.581-05:00","source":{"id":"0","name":"eventBus"}}
{"__type":"$$EventMessageNode","id":"c0429185-4ddd-4644-a08d-1a95c61077bf","ts":"2025-12-28T03:43:08.653-05:00","eventName":"n8n.node.finished","message":"n8n.node.finished","payload":{"workflowId":"fsmXBX9iVHZrjsDz","workflowName":"Ijazah","executionId":"1","nodeType":"n8n-nodes-base.httpRequest","nodeName":"GetDocumentData","nodeId":"a9a67698-cf87-4761-ba6d-c1331d8dc7ca"}}
{"__type":"$$EventMessageConfirm","confirm":"c0429185-4ddd-4644-a08d-1a95c61077bf","ts":"2025-12-28T03:43:08.653-05:00","source":{"id":"0","name":"eventBus"}}
{"__type":"$$EventMessageWorkflow","id":"dfac393a-dffc-47be-9a6b-f54b193adb1c","ts":"2025-12-28T03:43:08.665-05:00","eventName":"n8n.workflow.failed","message":"n8n.workflow.failed","payload":{"executionId":"1","success":false,"isManual":true,"workflowId":"fsmXBX9iVHZrjsDz","workflowName":"Ijazah","lastNodeExecuted":"GetDocumentData","errorNodeType":"n8n-nodes-base.httpRequest","errorMessage":"The service refused the connection - perhaps it is offline"}}
{"__type":"$$EventMessageConfirm","confirm":"dfac393a-dffc-47be-9a6b-f54b193adb1c","ts":"2025-12-28T03:43:08.665-05:00","source":{"id":"0","name":"eventBus"}}
{"__type":"$$EventMessageAudit","id":"95e0fe1d-1477-4898-8447-11b61c4798f3","ts":"2025-12-28T03:50:59.718-05:00","eventName":"n8n.audit.workflow.updated","message":"n8n.audit.workflow.updated","payload":{"userId":"fb68a211-967a-497e-ba1b-07a5dbc5387c","_email":"muhammadthifaaldzaki@gmail.com","_firstName":"Muhammad Thifaal","_lastName":"Dzaki","globalRole":"global:owner","workflowId":"fsmXBX9iVHZrjsDz","workflowName":"Ijazah"}}
{"__type":"$$EventMessageConfirm","confirm":"95e0fe1d-1477-4898-8447-11b61c4798f3","ts":"2025-12-28T03:50:59.719-05:00","source":{"id":"0","name":"eventBus"}}
{"__type":"$$EventMessageWorkflow","id":"7311ba6c-ef17-4ad1-a893-87376df42a73","ts":"2025-12-28T03:51:41.150-05:00","eventName":"n8n.workflow.started","message":"n8n.workflow.started","payload":{"executionId":"2","workflowId":"fsmXBX9iVHZrjsDz","isManual":false,"workflowName":"Ijazah"}}
{"__type":"$$EventMessageConfirm","confirm":"7311ba6c-ef17-4ad1-a893-87376df42a73","ts":"2025-12-28T03:51:41.150-05:00","source":{"id":"0","name":"eventBus"}}
{"__type":"$$EventMessageNode","id":"b177c68f-2da7-4a2b-9414-2c66943b3810","ts":"2025-12-28T03:51:41.151-05:00","eventName":"n8n.node.started","message":"n8n.node.started","payload":{"workflowId":"fsmXBX9iVHZrjsDz","workflowName":"Ijazah","executionId":"2","nodeType":"n8n-nodes-base.webhook","nodeName":"Webhook","nodeId":"37b308d1-d726-41fb-8782-536cdd9eba15"}}
{"__type":"$$EventMessageConfirm","confirm":"b177c68f-2da7-4a2b-9414-2c66943b3810","ts":"2025-12-28T03:51:41.151-05:00","source":{"id":"0","name":"eventBus"}}
{"__type":"$$EventMessageNode","id":"72e591e9-29a6-4a3e-8e8c-16a7f1520f3e","ts":"2025-12-28T03:51:41.152-05:00","eventName":"n8n.node.finished","message":"n8n.node.finished","payload":{"workflowId":"fsmXBX9iVHZrjsDz","workflowName":"Ijazah","executionId":"2","nodeType":"n8n-nodes-base.webhook","nodeName":"Webhook","nodeId":"37b308d1-d726-41fb-8782-536cdd9eba15"}}
{"__type":"$$EventMessageConfirm","confirm":"72e591e9-29a6-4a3e-8e8c-16a7f1520f3e","ts":"2025-12-28T03:51:41.152-05:00","source":{"id":"0","name":"eventBus"}}
{"__type":"$$EventMessageNode","id":"5fbc0d7e-a0a6-4a1e-9474-99a740339d82","ts":"2025-12-28T03:51:41.153-05:00","eventName":"n8n.node.started","message":"n8n.node.started","payload":{"workflowId":"fsmXBX9iVHZrjsDz","workflowName":"Ijazah","executionId":"2","nodeType":"n8n-nodes-base.set","nodeName":"Edit Fields","nodeId":"a61ff591-8ab7-4222-a5bd-fe40d7039e4d"}}
{"__type":"$$EventMessageConfirm","confirm":"5fbc0d7e-a0a6-4a1e-9474-99a740339d82","ts":"2025-12-28T03:51:41.153-05:00","source":{"id":"0","name":"eventBus"}}
{"__type":"$$EventMessageNode","id":"97b1e0dd-eb11-4b40-bc45-7d2d2e3121e9","ts":"2025-12-28T03:51:41.157-05:00","eventName":"n8n.node.finished","message":"n8n.node.finished","payload":{"workflowId":"fsmXBX9iVHZrjsDz","workflowName":"Ijazah","executionId":"2","nodeType":"n8n-nodes-base.set","nodeName":"Edit Fields","nodeId":"a61ff591-8ab7-4222-a5bd-fe40d7039e4d"}}
{"__type":"$$EventMessageConfirm","confirm":"97b1e0dd-eb11-4b40-bc45-7d2d2e3121e9","ts":"2025-12-28T03:51:41.157-05:00","source":{"id":"0","name":"eventBus"}}
{"__type":"$$EventMessageNode","id":"25256c28-e39f-4742-8a3e-6e0311e6ee71","ts":"2025-12-28T03:51:41.158-05:00","eventName":"n8n.node.started","message":"n8n.node.started","payload":{"workflowId":"fsmXBX9iVHZrjsDz","workflowName":"Ijazah","executionId":"2","nodeType":"n8n-nodes-base.httpRequest","nodeName":"DownloadFile","nodeId":"c1553b46-2c3b-4ba1-9daa-ba5cf02424b0"}}
{"__type":"$$EventMessageConfirm","confirm":"25256c28-e39f-4742-8a3e-6e0311e6ee71","ts":"2025-12-28T03:51:41.158-05:00","source":{"id":"0","name":"eventBus"}}
{"__type":"$$EventMessageNode","id":"4ecff638-d54a-4923-9d42-22864f0a59af","ts":"2025-12-28T03:51:41.211-05:00","eventName":"n8n.node.finished","message":"n8n.node.finished","payload":{"workflowId":"fsmXBX9iVHZrjsDz","workflowName":"Ijazah","executionId":"2","nodeType":"n8n-nodes-base.httpRequest","nodeName":"DownloadFile","nodeId":"c1553b46-2c3b-4ba1-9daa-ba5cf02424b0"}}
{"__type":"$$EventMessageConfirm","confirm":"4ecff638-d54a-4923-9d42-22864f0a59af","ts":"2025-12-28T03:51:41.211-05:00","source":{"id":"0","name":"eventBus"}}
{"__type":"$$EventMessageWorkflow","id":"b34f4732-d2fa-47ee-97ee-a4c9849ccf13","ts":"2025-12-28T03:51:41.227-05:00","eventName":"n8n.workflow.failed","message":"n8n.workflow.failed","payload":{"executionId":"2","success":false,"isManual":true,"workflowId":"fsmXBX9iVHZrjsDz","workflowName":"Ijazah","lastNodeExecuted":"DownloadFile","errorNodeType":"n8n-nodes-base.httpRequest","errorMessage":"The service refused the connection - perhaps it is offline"}}
{"__type":"$$EventMessageConfirm","confirm":"b34f4732-d2fa-47ee-97ee-a4c9849ccf13","ts":"2025-12-28T03:51:41.227-05:00","source":{"id":"0","name":"eventBus"}}
{"__type":"$$EventMessageAudit","id":"dcea4bd3-5787-4662-9fa9-fa248cc35cc0","ts":"2025-12-28T03:56:11.556-05:00","eventName":"n8n.audit.workflow.updated","message":"n8n.audit.workflow.updated","payload":{"userId":"fb68a211-967a-497e-ba1b-07a5dbc5387c","_email":"muhammadthifaaldzaki@gmail.com","_firstName":"Muhammad Thifaal","_lastName":"Dzaki","globalRole":"global:owner","workflowId":"fsmXBX9iVHZrjsDz","workflowName":"Ijazah"}}
{"__type":"$$EventMessageConfirm","confirm":"dcea4bd3-5787-4662-9fa9-fa248cc35cc0","ts":"2025-12-28T03:56:11.557-05:00","source":{"id":"0","name":"eventBus"}}
{"__type":"$$EventMessageWorkflow","id":"fdb64adc-8af6-4b9b-bfc5-b127b17497b5","ts":"2025-12-28T03:56:37.006-05:00","eventName":"n8n.workflow.started","message":"n8n.workflow.started","payload":{"executionId":"3","workflowId":"fsmXBX9iVHZrjsDz","isManual":false,"workflowName":"Ijazah"}}
{"__type":"$$EventMessageConfirm","confirm":"fdb64adc-8af6-4b9b-bfc5-b127b17497b5","ts":"2025-12-28T03:56:37.006-05:00","source":{"id":"0","name":"eventBus"}}
{"__type":"$$EventMessageNode","id":"f5c310a5-2992-4b30-86cd-5a4893e50a91","ts":"2025-12-28T03:56:37.008-05:00","eventName":"n8n.node.started","message":"n8n.node.started","payload":{"workflowId":"fsmXBX9iVHZrjsDz","workflowName":"Ijazah","executionId":"3","nodeType":"n8n-nodes-base.webhook","nodeName":"Webhook","nodeId":"37b308d1-d726-41fb-8782-536cdd9eba15"}}
{"__type":"$$EventMessageConfirm","confirm":"f5c310a5-2992-4b30-86cd-5a4893e50a91","ts":"2025-12-28T03:56:37.008-05:00","source":{"id":"0","name":"eventBus"}}
{"__type":"$$EventMessageNode","id":"97da88a5-517a-44aa-8579-4bde96fad50c","ts":"2025-12-28T03:56:37.010-05:00","eventName":"n8n.node.finished","message":"n8n.node.finished","payload":{"workflowId":"fsmXBX9iVHZrjsDz","workflowName":"Ijazah","executionId":"3","nodeType":"n8n-nodes-base.webhook","nodeName":"Webhook","nodeId":"37b308d1-d726-41fb-8782-536cdd9eba15"}}
{"__type":"$$EventMessageConfirm","confirm":"97da88a5-517a-44aa-8579-4bde96fad50c","ts":"2025-12-28T03:56:37.010-05:00","source":{"id":"0","name":"eventBus"}}
{"__type":"$$EventMessageNode","id":"49fd0c4f-9cf7-45fa-90dc-e83bb8dbb874","ts":"2025-12-28T03:56:37.011-05:00","eventName":"n8n.node.started","message":"n8n.node.started","payload":{"workflowId":"fsmXBX9iVHZrjsDz","workflowName":"Ijazah","executionId":"3","nodeType":"n8n-nodes-base.set","nodeName":"Edit Fields","nodeId":"a61ff591-8ab7-4222-a5bd-fe40d7039e4d"}}
{"__type":"$$EventMessageConfirm","confirm":"49fd0c4f-9cf7-45fa-90dc-e83bb8dbb874","ts":"2025-12-28T03:56:37.011-05:00","source":{"id":"0","name":"eventBus"}}
{"__type":"$$EventMessageNode","id":"c7ea611a-2cc1-4d0c-8e99-0e24ef8e3f8d","ts":"2025-12-28T03:56:37.014-05:00","eventName":"n8n.node.finished","message":"n8n.node.finished","payload":{"workflowId":"fsmXBX9iVHZrjsDz","workflowName":"Ijazah","executionId":"3","nodeType":"n8n-nodes-base.set","nodeName":"Edit Fields","nodeId":"a61ff591-8ab7-4222-a5bd-fe40d7039e4d"}}
{"__type":"$$EventMessageConfirm","confirm":"c7ea611a-2cc1-4d0c-8e99-0e24ef8e3f8d","ts":"2025-12-28T03:56:37.014-05:00","source":{"id":"0","name":"eventBus"}}
{"__type":"$$EventMessageNode","id":"7238cd74-6cb4-4885-bcd5-6632eceef821","ts":"2025-12-28T03:56:37.017-05:00","eventName":"n8n.node.started","message":"n8n.node.started","payload":{"workflowId":"fsmXBX9iVHZrjsDz","workflowName":"Ijazah","executionId":"3","nodeType":"n8n-nodes-base.httpRequest","nodeName":"DownloadFile","nodeId":"c1553b46-2c3b-4ba1-9daa-ba5cf02424b0"}}
{"__type":"$$EventMessageConfirm","confirm":"7238cd74-6cb4-4885-bcd5-6632eceef821","ts":"2025-12-28T03:56:37.017-05:00","source":{"id":"0","name":"eventBus"}}
{"__type":"$$EventMessageNode","id":"fa589128-ce2a-4214-ab0d-dd561fa1d601","ts":"2025-12-28T03:56:37.041-05:00","eventName":"n8n.node.finished","message":"n8n.node.finished","payload":{"workflowId":"fsmXBX9iVHZrjsDz","workflowName":"Ijazah","executionId":"3","nodeType":"n8n-nodes-base.httpRequest","nodeName":"DownloadFile","nodeId":"c1553b46-2c3b-4ba1-9daa-ba5cf02424b0"}}
{"__type":"$$EventMessageConfirm","confirm":"fa589128-ce2a-4214-ab0d-dd561fa1d601","ts":"2025-12-28T03:56:37.041-05:00","source":{"id":"0","name":"eventBus"}}
{"__type":"$$EventMessageWorkflow","id":"41047336-e16e-45cd-bd52-2d014fc56d70","ts":"2025-12-28T03:56:37.047-05:00","eventName":"n8n.workflow.failed","message":"n8n.workflow.failed","payload":{"executionId":"3","success":false,"isManual":true,"workflowId":"fsmXBX9iVHZrjsDz","workflowName":"Ijazah","lastNodeExecuted":"DownloadFile","errorNodeType":"n8n-nodes-base.httpRequest","errorMessage":"The service refused the connection - perhaps it is offline"}}
{"__type":"$$EventMessageConfirm","confirm":"41047336-e16e-45cd-bd52-2d014fc56d70","ts":"2025-12-28T03:56:37.048-05:00","source":{"id":"0","name":"eventBus"}}
{"__type":"$$EventMessageAudit","id":"c8df0db9-ab1f-417f-ac94-df79864ac3d0","ts":"2025-12-28T03:58:15.164-05:00","eventName":"n8n.audit.workflow.updated","message":"n8n.audit.workflow.updated","payload":{"userId":"fb68a211-967a-497e-ba1b-07a5dbc5387c","_email":"muhammadthifaaldzaki@gmail.com","_firstName":"Muhammad Thifaal","_lastName":"Dzaki","globalRole":"global:owner","workflowId":"fsmXBX9iVHZrjsDz","workflowName":"Ijazah"}}
{"__type":"$$EventMessageConfirm","confirm":"c8df0db9-ab1f-417f-ac94-df79864ac3d0","ts":"2025-12-28T03:58:15.165-05:00","source":{"id":"0","name":"eventBus"}}
{"__type":"$$EventMessageWorkflow","id":"c75f6bac-8545-46dc-b0be-21019ff57d7e","ts":"2025-12-28T03:58:22.474-05:00","eventName":"n8n.workflow.started","message":"n8n.workflow.started","payload":{"executionId":"4","workflowId":"fsmXBX9iVHZrjsDz","isManual":false,"workflowName":"Ijazah"}}
{"__type":"$$EventMessageConfirm","confirm":"c75f6bac-8545-46dc-b0be-21019ff57d7e","ts":"2025-12-28T03:58:22.475-05:00","source":{"id":"0","name":"eventBus"}}
{"__type":"$$EventMessageNode","id":"de300708-9087-47c2-be1b-fcec50db1a57","ts":"2025-12-28T03:58:22.476-05:00","eventName":"n8n.node.started","message":"n8n.node.started","payload":{"workflowId":"fsmXBX9iVHZrjsDz","workflowName":"Ijazah","executionId":"4","nodeType":"n8n-nodes-base.webhook","nodeName":"Webhook","nodeId":"37b308d1-d726-41fb-8782-536cdd9eba15"}}
{"__type":"$$EventMessageConfirm","confirm":"de300708-9087-47c2-be1b-fcec50db1a57","ts":"2025-12-28T03:58:22.476-05:00","source":{"id":"0","name":"eventBus"}}
{"__type":"$$EventMessageNode","id":"d910907e-8088-4928-b4b2-ab36edb494ec","ts":"2025-12-28T03:58:22.481-05:00","eventName":"n8n.node.finished","message":"n8n.node.finished","payload":{"workflowId":"fsmXBX9iVHZrjsDz","workflowName":"Ijazah","executionId":"4","nodeType":"n8n-nodes-base.webhook","nodeName":"Webhook","nodeId":"37b308d1-d726-41fb-8782-536cdd9eba15"}}
{"__type":"$$EventMessageConfirm","confirm":"d910907e-8088-4928-b4b2-ab36edb494ec","ts":"2025-12-28T03:58:22.482-05:00","source":{"id":"0","name":"eventBus"}}
{"__type":"$$EventMessageNode","id":"112b13b6-71a2-4778-bdca-811a06a9eebe","ts":"2025-12-28T03:58:22.483-05:00","eventName":"n8n.node.started","message":"n8n.node.started","payload":{"workflowId":"fsmXBX9iVHZrjsDz","workflowName":"Ijazah","executionId":"4","nodeType":"n8n-nodes-base.set","nodeName":"Edit Fields","nodeId":"a61ff591-8ab7-4222-a5bd-fe40d7039e4d"}}
{"__type":"$$EventMessageConfirm","confirm":"112b13b6-71a2-4778-bdca-811a06a9eebe","ts":"2025-12-28T03:58:22.483-05:00","source":{"id":"0","name":"eventBus"}}
{"__type":"$$EventMessageNode","id":"a4af2c4d-a397-4c7c-905a-3e20a1c77fab","ts":"2025-12-28T03:58:22.486-05:00","eventName":"n8n.node.finished","message":"n8n.node.finished","payload":{"workflowId":"fsmXBX9iVHZrjsDz","workflowName":"Ijazah","executionId":"4","nodeType":"n8n-nodes-base.set","nodeName":"Edit Fields","nodeId":"a61ff591-8ab7-4222-a5bd-fe40d7039e4d"}}
{"__type":"$$EventMessageConfirm","confirm":"a4af2c4d-a397-4c7c-905a-3e20a1c77fab","ts":"2025-12-28T03:58:22.486-05:00","source":{"id":"0","name":"eventBus"}}
{"__type":"$$EventMessageNode","id":"f8e2b1df-75a8-4b38-bed1-46b3c30b69cf","ts":"2025-12-28T03:58:22.488-05:00","eventName":"n8n.node.started","message":"n8n.node.started","payload":{"workflowId":"fsmXBX9iVHZrjsDz","workflowName":"Ijazah","executionId":"4","nodeType":"n8n-nodes-base.httpRequest","nodeName":"DownloadFile","nodeId":"c1553b46-2c3b-4ba1-9daa-ba5cf02424b0"}}
{"__type":"$$EventMessageConfirm","confirm":"f8e2b1df-75a8-4b38-bed1-46b3c30b69cf","ts":"2025-12-28T03:58:22.488-05:00","source":{"id":"0","name":"eventBus"}}
{"__type":"$$EventMessageNode","id":"e0b230e1-9e02-4da0-84e4-ab49bb1b7e4a","ts":"2025-12-28T03:58:22.545-05:00","eventName":"n8n.node.finished","message":"n8n.node.finished","payload":{"workflowId":"fsmXBX9iVHZrjsDz","workflowName":"Ijazah","executionId":"4","nodeType":"n8n-nodes-base.httpRequest","nodeName":"DownloadFile","nodeId":"c1553b46-2c3b-4ba1-9daa-ba5cf02424b0"}}
{"__type":"$$EventMessageConfirm","confirm":"e0b230e1-9e02-4da0-84e4-ab49bb1b7e4a","ts":"2025-12-28T03:58:22.545-05:00","source":{"id":"0","name":"eventBus"}}
{"__type":"$$EventMessageWorkflow","id":"abebae47-b957-4c6f-bf25-f6704a77fb02","ts":"2025-12-28T03:58:22.554-05:00","eventName":"n8n.workflow.failed","message":"n8n.workflow.failed","payload":{"executionId":"4","success":false,"isManual":true,"workflowId":"fsmXBX9iVHZrjsDz","workflowName":"Ijazah","lastNodeExecuted":"DownloadFile","errorNodeType":"n8n-nodes-base.httpRequest","errorMessage":"The service refused the connection - perhaps it is offline"}}
{"__type":"$$EventMessageConfirm","confirm":"abebae47-b957-4c6f-bf25-f6704a77fb02","ts":"2025-12-28T03:58:22.558-05:00","source":{"id":"0","name":"eventBus"}}
{"__type":"$$EventMessageAudit","id":"53826697-16d3-4d0f-9256-27c7b550975b","ts":"2025-12-28T03:58:46.833-05:00","eventName":"n8n.audit.workflow.updated","message":"n8n.audit.workflow.updated","payload":{"userId":"fb68a211-967a-497e-ba1b-07a5dbc5387c","_email":"muhammadthifaaldzaki@gmail.com","_firstName":"Muhammad Thifaal","_lastName":"Dzaki","globalRole":"global:owner","workflowId":"fsmXBX9iVHZrjsDz","workflowName":"Ijazah"}}
{"__type":"$$EventMessageConfirm","confirm":"53826697-16d3-4d0f-9256-27c7b550975b","ts":"2025-12-28T03:58:46.833-05:00","source":{"id":"0","name":"eventBus"}}
{"__type":"$$EventMessageWorkflow","id":"2ae6e935-0e72-468b-8d1c-3e2718e80e0b","ts":"2025-12-28T03:59:04.644-05:00","eventName":"n8n.workflow.started","message":"n8n.workflow.started","payload":{"executionId":"5","workflowId":"fsmXBX9iVHZrjsDz","isManual":false,"workflowName":"Ijazah"}}
{"__type":"$$EventMessageConfirm","confirm":"2ae6e935-0e72-468b-8d1c-3e2718e80e0b","ts":"2025-12-28T03:59:04.644-05:00","source":{"id":"0","name":"eventBus"}}
{"__type":"$$EventMessageNode","id":"819c8577-4629-4bab-897a-6a38fb2771d6","ts":"2025-12-28T03:59:04.645-05:00","eventName":"n8n.node.started","message":"n8n.node.started","payload":{"workflowId":"fsmXBX9iVHZrjsDz","workflowName":"Ijazah","executionId":"5","nodeType":"n8n-nodes-base.webhook","nodeName":"Webhook","nodeId":"37b308d1-d726-41fb-8782-536cdd9eba15"}}
{"__type":"$$EventMessageConfirm","confirm":"819c8577-4629-4bab-897a-6a38fb2771d6","ts":"2025-12-28T03:59:04.646-05:00","source":{"id":"0","name":"eventBus"}}
{"__type":"$$EventMessageNode","id":"4d79aa74-36b2-49a5-9c9f-1a0dc34c3e02","ts":"2025-12-28T03:59:04.647-05:00","eventName":"n8n.node.finished","message":"n8n.node.finished","payload":{"workflowId":"fsmXBX9iVHZrjsDz","workflowName":"Ijazah","executionId":"5","nodeType":"n8n-nodes-base.webhook","nodeName":"Webhook","nodeId":"37b308d1-d726-41fb-8782-536cdd9eba15"}}
{"__type":"$$EventMessageConfirm","confirm":"4d79aa74-36b2-49a5-9c9f-1a0dc34c3e02","ts":"2025-12-28T03:59:04.647-05:00","source":{"id":"0","name":"eventBus"}}
{"__type":"$$EventMessageNode","id":"5dee71c0-5bb4-48c5-b754-02b95cbbf96d","ts":"2025-12-28T03:59:04.648-05:00","eventName":"n8n.node.started","message":"n8n.node.started","payload":{"workflowId":"fsmXBX9iVHZrjsDz","workflowName":"Ijazah","executionId":"5","nodeType":"n8n-nodes-base.set","nodeName":"Edit Fields","nodeId":"a61ff591-8ab7-4222-a5bd-fe40d7039e4d"}}
{"__type":"$$EventMessageConfirm","confirm":"5dee71c0-5bb4-48c5-b754-02b95cbbf96d","ts":"2025-12-28T03:59:04.648-05:00","source":{"id":"0","name":"eventBus"}}
{"__type":"$$EventMessageNode","id":"e2080970-e323-42d2-a22b-4fe530d2391f","ts":"2025-12-28T03:59:04.650-05:00","eventName":"n8n.node.finished","message":"n8n.node.finished","payload":{"workflowId":"fsmXBX9iVHZrjsDz","workflowName":"Ijazah","executionId":"5","nodeType":"n8n-nodes-base.set","nodeName":"Edit Fields","nodeId":"a61ff591-8ab7-4222-a5bd-fe40d7039e4d"}}
{"__type":"$$EventMessageConfirm","confirm":"e2080970-e323-42d2-a22b-4fe530d2391f","ts":"2025-12-28T03:59:04.650-05:00","source":{"id":"0","name":"eventBus"}}
{"__type":"$$EventMessageNode","id":"efbcc209-976a-4874-9c19-65df382b8b2a","ts":"2025-12-28T03:59:04.651-05:00","eventName":"n8n.node.started","message":"n8n.node.started","payload":{"workflowId":"fsmXBX9iVHZrjsDz","workflowName":"Ijazah","executionId":"5","nodeType":"n8n-nodes-base.httpRequest","nodeName":"DownloadFile","nodeId":"c1553b46-2c3b-4ba1-9daa-ba5cf02424b0"}}
{"__type":"$$EventMessageConfirm","confirm":"efbcc209-976a-4874-9c19-65df382b8b2a","ts":"2025-12-28T03:59:04.651-05:00","source":{"id":"0","name":"eventBus"}}
{"__type":"$$EventMessageNode","id":"fecfb5b9-f29a-4bb4-afd6-dc3777fda1f3","ts":"2025-12-28T03:59:04.692-05:00","eventName":"n8n.node.finished","message":"n8n.node.finished","payload":{"workflowId":"fsmXBX9iVHZrjsDz","workflowName":"Ijazah","executionId":"5","nodeType":"n8n-nodes-base.httpRequest","nodeName":"DownloadFile","nodeId":"c1553b46-2c3b-4ba1-9daa-ba5cf02424b0"}}
{"__type":"$$EventMessageConfirm","confirm":"fecfb5b9-f29a-4bb4-afd6-dc3777fda1f3","ts":"2025-12-28T03:59:04.692-05:00","source":{"id":"0","name":"eventBus"}}
{"__type":"$$EventMessageWorkflow","id":"fb100971-7cda-41b3-b15c-916bc018c1f4","ts":"2025-12-28T03:59:04.697-05:00","eventName":"n8n.workflow.failed","message":"n8n.workflow.failed","payload":{"executionId":"5","success":false,"isManual":true,"workflowId":"fsmXBX9iVHZrjsDz","workflowName":"Ijazah","lastNodeExecuted":"DownloadFile","errorNodeType":"n8n-nodes-base.httpRequest","errorMessage":"unable to verify the first certificate"}}
{"__type":"$$EventMessageConfirm","confirm":"fb100971-7cda-41b3-b15c-916bc018c1f4","ts":"2025-12-28T03:59:04.697-05:00","source":{"id":"0","name":"eventBus"}}
{"__type":"$$EventMessageAudit","id":"6a67c555-d032-46ff-ba32-429b01b172e6","ts":"2025-12-28T03:59:47.331-05:00","eventName":"n8n.audit.workflow.updated","message":"n8n.audit.workflow.updated","payload":{"userId":"fb68a211-967a-497e-ba1b-07a5dbc5387c","_email":"muhammadthifaaldzaki@gmail.com","_firstName":"Muhammad Thifaal","_lastName":"Dzaki","globalRole":"global:owner","workflowId":"fsmXBX9iVHZrjsDz","workflowName":"Ijazah"}}
{"__type":"$$EventMessageConfirm","confirm":"6a67c555-d032-46ff-ba32-429b01b172e6","ts":"2025-12-28T03:59:47.331-05:00","source":{"id":"0","name":"eventBus"}}
{"__type":"$$EventMessageWorkflow","id":"fbea04a0-8469-46d3-9e71-f724e15fcdb1","ts":"2025-12-28T03:59:55.426-05:00","eventName":"n8n.workflow.started","message":"n8n.workflow.started","payload":{"executionId":"6","workflowId":"fsmXBX9iVHZrjsDz","isManual":false,"workflowName":"Ijazah"}}
{"__type":"$$EventMessageConfirm","confirm":"fbea04a0-8469-46d3-9e71-f724e15fcdb1","ts":"2025-12-28T03:59:55.426-05:00","source":{"id":"0","name":"eventBus"}}
{"__type":"$$EventMessageNode","id":"b152c6de-77e7-4450-88cc-2d13568ef296","ts":"2025-12-28T03:59:55.427-05:00","eventName":"n8n.node.started","message":"n8n.node.started","payload":{"workflowId":"fsmXBX9iVHZrjsDz","workflowName":"Ijazah","executionId":"6","nodeType":"n8n-nodes-base.webhook","nodeName":"Webhook","nodeId":"37b308d1-d726-41fb-8782-536cdd9eba15"}}
{"__type":"$$EventMessageConfirm","confirm":"b152c6de-77e7-4450-88cc-2d13568ef296","ts":"2025-12-28T03:59:55.427-05:00","source":{"id":"0","name":"eventBus"}}
{"__type":"$$EventMessageNode","id":"c5716321-93d6-4e30-a3d8-3bfd1b76c225","ts":"2025-12-28T03:59:55.429-05:00","eventName":"n8n.node.finished","message":"n8n.node.finished","payload":{"workflowId":"fsmXBX9iVHZrjsDz","workflowName":"Ijazah","executionId":"6","nodeType":"n8n-nodes-base.webhook","nodeName":"Webhook","nodeId":"37b308d1-d726-41fb-8782-536cdd9eba15"}}
{"__type":"$$EventMessageConfirm","confirm":"c5716321-93d6-4e30-a3d8-3bfd1b76c225","ts":"2025-12-28T03:59:55.429-05:00","source":{"id":"0","name":"eventBus"}}
{"__type":"$$EventMessageNode","id":"8faad2b7-112e-4e98-9e20-1c67f2dbeeb3","ts":"2025-12-28T03:59:55.431-05:00","eventName":"n8n.node.started","message":"n8n.node.started","payload":{"workflowId":"fsmXBX9iVHZrjsDz","workflowName":"Ijazah","executionId":"6","nodeType":"n8n-nodes-base.set","nodeName":"Edit Fields","nodeId":"a61ff591-8ab7-4222-a5bd-fe40d7039e4d"}}
{"__type":"$$EventMessageConfirm","confirm":"8faad2b7-112e-4e98-9e20-1c67f2dbeeb3","ts":"2025-12-28T03:59:55.431-05:00","source":{"id":"0","name":"eventBus"}}
{"__type":"$$EventMessageNode","id":"eb01f0c3-6c07-4963-938d-264456597f9f","ts":"2025-12-28T03:59:55.433-05:00","eventName":"n8n.node.finished","message":"n8n.node.finished","payload":{"workflowId":"fsmXBX9iVHZrjsDz","workflowName":"Ijazah","executionId":"6","nodeType":"n8n-nodes-base.set","nodeName":"Edit Fields","nodeId":"a61ff591-8ab7-4222-a5bd-fe40d7039e4d"}}
{"__type":"$$EventMessageConfirm","confirm":"eb01f0c3-6c07-4963-938d-264456597f9f","ts":"2025-12-28T03:59:55.434-05:00","source":{"id":"0","name":"eventBus"}}
{"__type":"$$EventMessageNode","id":"d86f97df-4668-4f94-b246-74f8b8cc6ac5","ts":"2025-12-28T03:59:55.435-05:00","eventName":"n8n.node.started","message":"n8n.node.started","payload":{"workflowId":"fsmXBX9iVHZrjsDz","workflowName":"Ijazah","executionId":"6","nodeType":"n8n-nodes-base.httpRequest","nodeName":"DownloadFile","nodeId":"c1553b46-2c3b-4ba1-9daa-ba5cf02424b0"}}
{"__type":"$$EventMessageConfirm","confirm":"d86f97df-4668-4f94-b246-74f8b8cc6ac5","ts":"2025-12-28T03:59:55.436-05:00","source":{"id":"0","name":"eventBus"}}
{"__type":"$$EventMessageNode","id":"f437efe3-c6a6-4803-aaf1-492cdac49831","ts":"2025-12-28T03:59:55.585-05:00","eventName":"n8n.node.finished","message":"n8n.node.finished","payload":{"workflowId":"fsmXBX9iVHZrjsDz","workflowName":"Ijazah","executionId":"6","nodeType":"n8n-nodes-base.httpRequest","nodeName":"DownloadFile","nodeId":"c1553b46-2c3b-4ba1-9daa-ba5cf02424b0"}}
{"__type":"$$EventMessageConfirm","confirm":"f437efe3-c6a6-4803-aaf1-492cdac49831","ts":"2025-12-28T03:59:55.585-05:00","source":{"id":"0","name":"eventBus"}}
{"__type":"$$EventMessageWorkflow","id":"fefa5770-7043-445b-a7e2-68af9de7798b","ts":"2025-12-28T03:59:55.593-05:00","eventName":"n8n.workflow.failed","message":"n8n.workflow.failed","payload":{"executionId":"6","success":false,"isManual":true,"workflowId":"fsmXBX9iVHZrjsDz","workflowName":"Ijazah","lastNodeExecuted":"DownloadFile","errorNodeType":"n8n-nodes-base.httpRequest","errorMessage":"Forbidden - perhaps check your credentials?"}}
{"__type":"$$EventMessageConfirm","confirm":"fefa5770-7043-445b-a7e2-68af9de7798b","ts":"2025-12-28T03:59:55.593-05:00","source":{"id":"0","name":"eventBus"}}
{"__type":"$$EventMessageAudit","id":"c1337db5-a075-4fe5-ad7d-b15fd63d3dad","ts":"2025-12-28T04:01:04.720-05:00","eventName":"n8n.audit.workflow.updated","message":"n8n.audit.workflow.updated","payload":{"userId":"fb68a211-967a-497e-ba1b-07a5dbc5387c","_email":"muhammadthifaaldzaki@gmail.com","_firstName":"Muhammad Thifaal","_lastName":"Dzaki","globalRole":"global:owner","workflowId":"fsmXBX9iVHZrjsDz","workflowName":"Ijazah"}}
{"__type":"$$EventMessageConfirm","confirm":"c1337db5-a075-4fe5-ad7d-b15fd63d3dad","ts":"2025-12-28T04:01:04.720-05:00","source":{"id":"0","name":"eventBus"}}
{"__type":"$$EventMessageWorkflow","id":"c848c589-790c-4699-b592-71e862ebf065","ts":"2025-12-28T04:01:12.812-05:00","eventName":"n8n.workflow.started","message":"n8n.workflow.started","payload":{"executionId":"7","workflowId":"fsmXBX9iVHZrjsDz","isManual":false,"workflowName":"Ijazah"}}
{"__type":"$$EventMessageConfirm","confirm":"c848c589-790c-4699-b592-71e862ebf065","ts":"2025-12-28T04:01:12.812-05:00","source":{"id":"0","name":"eventBus"}}
{"__type":"$$EventMessageNode","id":"2f3ca060-a4e8-407c-96d9-4da8d3d42b2f","ts":"2025-12-28T04:01:12.814-05:00","eventName":"n8n.node.started","message":"n8n.node.started","payload":{"workflowId":"fsmXBX9iVHZrjsDz","workflowName":"Ijazah","executionId":"7","nodeType":"n8n-nodes-base.webhook","nodeName":"Webhook","nodeId":"37b308d1-d726-41fb-8782-536cdd9eba15"}}
{"__type":"$$EventMessageConfirm","confirm":"2f3ca060-a4e8-407c-96d9-4da8d3d42b2f","ts":"2025-12-28T04:01:12.814-05:00","source":{"id":"0","name":"eventBus"}}
{"__type":"$$EventMessageNode","id":"5f205ba9-2e5c-404d-8497-bd64b57b4797","ts":"2025-12-28T04:01:12.815-05:00","eventName":"n8n.node.finished","message":"n8n.node.finished","payload":{"workflowId":"fsmXBX9iVHZrjsDz","workflowName":"Ijazah","executionId":"7","nodeType":"n8n-nodes-base.webhook","nodeName":"Webhook","nodeId":"37b308d1-d726-41fb-8782-536cdd9eba15"}}
{"__type":"$$EventMessageConfirm","confirm":"5f205ba9-2e5c-404d-8497-bd64b57b4797","ts":"2025-12-28T04:01:12.815-05:00","source":{"id":"0","name":"eventBus"}}
{"__type":"$$EventMessageNode","id":"3d91ec82-a150-4616-b6bf-315fc340ff72","ts":"2025-12-28T04:01:12.817-05:00","eventName":"n8n.node.started","message":"n8n.node.started","payload":{"workflowId":"fsmXBX9iVHZrjsDz","workflowName":"Ijazah","executionId":"7","nodeType":"n8n-nodes-base.set","nodeName":"Edit Fields","nodeId":"a61ff591-8ab7-4222-a5bd-fe40d7039e4d"}}
{"__type":"$$EventMessageConfirm","confirm":"3d91ec82-a150-4616-b6bf-315fc340ff72","ts":"2025-12-28T04:01:12.817-05:00","source":{"id":"0","name":"eventBus"}}
{"__type":"$$EventMessageNode","id":"81474151-37de-4aac-9795-e94939dc2a87","ts":"2025-12-28T04:01:12.821-05:00","eventName":"n8n.node.finished","message":"n8n.node.finished","payload":{"workflowId":"fsmXBX9iVHZrjsDz","workflowName":"Ijazah","executionId":"7","nodeType":"n8n-nodes-base.set","nodeName":"Edit Fields","nodeId":"a61ff591-8ab7-4222-a5bd-fe40d7039e4d"}}
{"__type":"$$EventMessageConfirm","confirm":"81474151-37de-4aac-9795-e94939dc2a87","ts":"2025-12-28T04:01:12.821-05:00","source":{"id":"0","name":"eventBus"}}
{"__type":"$$EventMessageNode","id":"347117b9-a239-43a9-a51f-f04fd4ef3c06","ts":"2025-12-28T04:01:12.823-05:00","eventName":"n8n.node.started","message":"n8n.node.started","payload":{"workflowId":"fsmXBX9iVHZrjsDz","workflowName":"Ijazah","executionId":"7","nodeType":"n8n-nodes-base.httpRequest","nodeName":"DownloadFile","nodeId":"c1553b46-2c3b-4ba1-9daa-ba5cf02424b0"}}
{"__type":"$$EventMessageConfirm","confirm":"347117b9-a239-43a9-a51f-f04fd4ef3c06","ts":"2025-12-28T04:01:12.823-05:00","source":{"id":"0","name":"eventBus"}}
{"__type":"$$EventMessageNode","id":"9942bca1-719b-462a-b7cb-b6493e7b6683","ts":"2025-12-28T04:01:12.974-05:00","eventName":"n8n.node.finished","message":"n8n.node.finished","payload":{"workflowId":"fsmXBX9iVHZrjsDz","workflowName":"Ijazah","executionId":"7","nodeType":"n8n-nodes-base.httpRequest","nodeName":"DownloadFile","nodeId":"c1553b46-2c3b-4ba1-9daa-ba5cf02424b0"}}
{"__type":"$$EventMessageConfirm","confirm":"9942bca1-719b-462a-b7cb-b6493e7b6683","ts":"2025-12-28T04:01:12.974-05:00","source":{"id":"0","name":"eventBus"}}
{"__type":"$$EventMessageWorkflow","id":"abe33c16-456d-4465-8e5d-da708cc6b71e","ts":"2025-12-28T04:01:12.982-05:00","eventName":"n8n.workflow.failed","message":"n8n.workflow.failed","payload":{"executionId":"7","success":false,"isManual":true,"workflowId":"fsmXBX9iVHZrjsDz","workflowName":"Ijazah","lastNodeExecuted":"DownloadFile","errorNodeType":"n8n-nodes-base.httpRequest","errorMessage":"The resource you are requesting could not be found"}}
{"__type":"$$EventMessageConfirm","confirm":"abe33c16-456d-4465-8e5d-da708cc6b71e","ts":"2025-12-28T04:01:12.982-05:00","source":{"id":"0","name":"eventBus"}}
